[0;32m[INFO][0m Building Phantom OS using Docker...
[0;32m[INFO][0m This will take 30-60 minutes depending on your system
[Docker] Updating system and installing dependencies...
:: Synchronizing package databases...
 core downloading...
 extra downloading...
:: Starting full system upgrade...
resolving dependencies...
looking for conflicting packages...

Package (13)             Old Version  New Version  Net Change  Download Size

core/archlinux-keyring   20260206-1   20260301-1     0.00 MiB       1.20 MiB
core/audit               4.1.2-2      4.1.3-1        0.00 MiB       0.38 MiB
core/hwdata              0.404-1      0.405-1        0.02 MiB       1.67 MiB
core/iana-etc            20260225-2   20260306-1     0.00 MiB       0.39 MiB
core/libcap-ng           0.9-1        0.9.1-1       -0.01 MiB       0.04 MiB
core/libelf              0.194-1      0.194-2        0.00 MiB       0.63 MiB
core/libxml2             2.15.1-5     2.15.2-1       0.00 MiB       0.75 MiB
extra/lmdb               0.9.33-1     0.9.35-1       0.00 MiB       0.11 MiB
core/systemd             259.2-1      259.3-1        0.00 MiB       9.44 MiB
core/systemd-libs        259.2-1      259.3-1        0.00 MiB       1.25 MiB
core/systemd-sysvcompat  259.2-1      259.3-1        0.00 MiB       0.01 MiB
core/tzdata              2025c-1      2026a-1       -0.30 MiB       0.30 MiB
core/zlib                1:1.3.2-2    1:1.3.2-3      0.00 MiB       0.08 MiB

Total Download Size:   16.24 MiB
Total Installed Size:  64.45 MiB
Net Upgrade Size:      -0.28 MiB

:: Proceed with installation? [Y/n] 
:: Retrieving packages...
